<?xml version="1.0" encoding="UTF-8"?>
<!-- Generated by org.testng.reporters.JUnitReportReporter -->
<testsuite hostname="DESKTOP-2H1OS7G" name="SignInTest" tests="1" failures="0" timestamp="27 Nov 2019 05:59:30 GMT" time="70.116" errors="0">
  <testcase name="shouldThrowAnErrorIfSignInDetailsAreMissing" time="70.116" classname="SignInTest"/>
</testsuite> <!-- SignInTest -->
