<?xml version="1.0" encoding="UTF-8"?>
<!-- Generated by org.testng.reporters.JUnitReportReporter -->
<testsuite hostname="DESKTOP-2H1OS7G" name="HotelBookingTest" tests="1" failures="0" timestamp="27 Nov 2019 06:19:08 GMT" time="80.972" errors="0">
  <testcase name="shouldBeAbleToSearchForHotels" time="80.972" classname="HotelBookingTest"/>
</testsuite> <!-- HotelBookingTest -->
