<?xml version="1.0" encoding="UTF-8"?>
<!-- Generated by org.testng.reporters.JUnitReportReporter -->
<testsuite hostname="DESKTOP-2H1OS7G" name="FlightBookingTest" tests="1" failures="0" timestamp="27 Nov 2019 05:36:30 GMT" time="69.088" errors="0">
  <testcase name="testThatResultsAppearForAOneWayJourney" time="69.088" classname="FlightBookingTest"/>
</testsuite> <!-- FlightBookingTest -->
